<html>
<head>
<title>TestNG:  Surefire test</title>
<link href="../testng.css" rel="stylesheet" type="text/css" />
<link href="../my-testng.css" rel="stylesheet" type="text/css" />

<style type="text/css">
.log { display: none;} 
.stack-trace { display: none;} 
</style>
<script type="text/javascript">
<!--
function flip(e) {
  current = e.style.display;
  if (current == 'block') {
    e.style.display = 'none';
    return 0;
  }
  else {
    e.style.display = 'block';
    return 1;
  }
}

function toggleBox(szDivId, elem, msg1, msg2)
{
  var res = -1;  if (document.getElementById) {
    res = flip(document.getElementById(szDivId));
  }
  else if (document.all) {
    // this is the way old msie versions work
    res = flip(document.all[szDivId]);
  }
  if(elem) {
    if(res == 0) elem.innerHTML = msg1; else elem.innerHTML = msg2;
  }

}

function toggleAllBoxes() {
  if (document.getElementsByTagName) {
    d = document.getElementsByTagName('div');
    for (i = 0; i < d.length; i++) {
      if (d[i].className == 'log') {
        flip(d[i]);
      }
    }
  }
}

// -->
</script>

</head>
<body>
<h2 align='center'>Surefire test</h2><table border='1' align="center">
<tr>
<td>Tests passed/Failed/Skipped:</td><td>14/3/7</td>
</tr><tr>
<td>Started on:</td><td>Sat Jan 20 15:19:02 CST 2024</td>
</tr>
<tr><td>Total time:</td><td>234 seconds (234390 ms)</td>
</tr><tr>
<td>Included groups:</td><td></td>
</tr><tr>
<td>Excluded groups:</td><td></td>
</tr>
</table><p/>
<small><i>(Hover the method name to see the test class name)</i></small><p/>
<table width='100%' border='1' class='invocation-failed'>
<tr><td colspan='4' align='center'><b>FAILED CONFIGURATIONS</b></td></tr>
<tr><td><b>Test method</b></td>
<td width="30%"><b>Exception</b></td>
<td width="10%"><b>Time (seconds)</b></td>
<td><b>Instance</b></td>
</tr>
<tr>
<td title='test.com.EmptyCartCheckoutTest.setUpMethod()'><b>setUpMethod</b><br>Test class: test.com.EmptyCartCheckoutTest</td>
<td><div><pre>java.lang.IllegalStateException: The driver executable does not exist: c:\data1\chromedriver.exe
	at com.google.common.base.Preconditions.checkState(Preconditions.java:585)
	at org.openqa.selenium.remote.service.DriverService.checkExecutable(DriverService.java:146)
	at org.openqa.selenium.remote.service.DriverService.findExecutable(DriverService.java:141)
	at org.openqa.selenium.chrome.ChromeDriverService.access$000(ChromeDriverService.java:35)
	at org.openqa.selenium.chrome.ChromeDriverService$Builder.findDefaultExecutable(ChromeDriverService.java:159)
	at org.openqa.selenium.remote.service.DriverService$Builder.build(DriverService.java:355)
	at org.openqa.selenium.chrome.ChromeDriverService.createDefaultService(ChromeDriverService.java:94)
	at org.openqa.selenium.chrome.ChromeDriver.&lt;init&gt;(ChromeDriver.java:123)
	at test.com.EmptyCartCheckoutTest.setUpMethod(EmptyCartCheckoutTest.java:46)
... Removed 29 stack frames</pre></div><a href='#' onClick='toggleBox("stack-trace1520491508", this, "Click to show all stack frames", "Click to hide stack frames")'>Click to show all stack frames</a>
<div class='stack-trace' id='stack-trace1520491508'><pre>java.lang.IllegalStateException: The driver executable does not exist: c:\data1\chromedriver.exe
	at com.google.common.base.Preconditions.checkState(Preconditions.java:585)
	at org.openqa.selenium.remote.service.DriverService.checkExecutable(DriverService.java:146)
	at org.openqa.selenium.remote.service.DriverService.findExecutable(DriverService.java:141)
	at org.openqa.selenium.chrome.ChromeDriverService.access$000(ChromeDriverService.java:35)
	at org.openqa.selenium.chrome.ChromeDriverService$Builder.findDefaultExecutable(ChromeDriverService.java:159)
	at org.openqa.selenium.remote.service.DriverService$Builder.build(DriverService.java:355)
	at org.openqa.selenium.chrome.ChromeDriverService.createDefaultService(ChromeDriverService.java:94)
	at org.openqa.selenium.chrome.ChromeDriver.&lt;init&gt;(ChromeDriver.java:123)
	at test.com.EmptyCartCheckoutTest.setUpMethod(EmptyCartCheckoutTest.java:46)
	at java.base/jdk.internal.reflect.DirectMethodHandleAccessor.invoke(DirectMethodHandleAccessor.java:103)
	at java.base/java.lang.reflect.Method.invoke(Method.java:580)
	at org.testng.internal.MethodInvocationHelper.invokeMethod(MethodInvocationHelper.java:84)
	at org.testng.internal.Invoker.invokeConfigurationMethod(Invoker.java:564)
	at org.testng.internal.Invoker.invokeConfigurations(Invoker.java:213)
	at org.testng.internal.Invoker.invokeMethod(Invoker.java:653)
	at org.testng.internal.Invoker.invokeTestMethod(Invoker.java:901)
	at org.testng.internal.Invoker.invokeTestMethods(Invoker.java:1231)
	at org.testng.internal.TestMethodWorker.invokeTestMethods(TestMethodWorker.java:127)
	at org.testng.internal.TestMethodWorker.run(TestMethodWorker.java:111)
	at org.testng.TestRunner.privateRun(TestRunner.java:767)
	at org.testng.TestRunner.run(TestRunner.java:617)
	at org.testng.SuiteRunner.runTest(SuiteRunner.java:334)
	at org.testng.SuiteRunner.runSequentially(SuiteRunner.java:329)
	at org.testng.SuiteRunner.privateRun(SuiteRunner.java:291)
	at org.testng.SuiteRunner.run(SuiteRunner.java:240)
	at org.testng.SuiteRunnerWorker.runSuite(SuiteRunnerWorker.java:52)
	at org.testng.SuiteRunnerWorker.run(SuiteRunnerWorker.java:86)
	at org.testng.TestNG.runSuitesSequentially(TestNG.java:1224)
	at org.testng.TestNG.runSuitesLocally(TestNG.java:1149)
	at org.testng.TestNG.run(TestNG.java:1057)
	at org.apache.maven.surefire.testng.TestNGExecutor.run(TestNGExecutor.java:155)
	at org.apache.maven.surefire.testng.TestNGDirectoryTestSuite.executeMulti(TestNGDirectoryTestSuite.java:169)
	at org.apache.maven.surefire.testng.TestNGDirectoryTestSuite.execute(TestNGDirectoryTestSuite.java:88)
	at org.apache.maven.surefire.testng.TestNGProvider.invoke(TestNGProvider.java:137)
	at org.apache.maven.surefire.booter.ForkedBooter.runSuitesInProcess(ForkedBooter.java:385)
	at org.apache.maven.surefire.booter.ForkedBooter.execute(ForkedBooter.java:162)
	at org.apache.maven.surefire.booter.ForkedBooter.run(ForkedBooter.java:507)
	at org.apache.maven.surefire.booter.ForkedBooter.main(ForkedBooter.java:495)
</pre></div></td>
<td>0</td>
<td>test.com.EmptyCartCheckoutTest@6c3f5566</td></tr>
<tr>
<td title='test.com.PagesByCategoryFilterInGroceryTest.setUpMethod()'><b>setUpMethod</b><br>Test class: test.com.PagesByCategoryFilterInGroceryTest</td>
<td><div><pre>org.openqa.selenium.ElementNotInteractableException: element not interactable
  (Session info: chrome=120.0.6099.225)
Build info: version: &apos;3.141.59&apos;, revision: &apos;e82be7d358&apos;, time: &apos;2018-11-14T08:17:03&apos;
System info: host: &apos;DESKTOP-37HMM6Q&apos;, ip: &apos;192.168.50.219&apos;, os.name: &apos;Windows 10&apos;, os.arch: &apos;amd64&apos;, os.version: &apos;10.0&apos;, java.version: &apos;21.0.1&apos;
Driver info: org.openqa.selenium.chrome.ChromeDriver
Capabilities {acceptInsecureCerts: false, browserName: chrome, browserVersion: 120.0.6099.225, chrome: {chromedriverVersion: 120.0.6099.109 (3419140ab66..., userDataDir: C:\Users\mitra\AppData\Loca...}, fedcm:accounts: true, goog:chromeOptions: {debuggerAddress: localhost:50244}, javascriptEnabled: true, networkConnectionEnabled: false, pageLoadStrategy: normal, platform: WINDOWS, platformName: WINDOWS, proxy: Proxy(), setWindowRect: true, strictFileInteractability: false, timeouts: {implicit: 0, pageLoad: 300000, script: 30000}, unhandledPromptBehavior: dismiss and notify, webauthn:extension:credBlob: true, webauthn:extension:largeBlob: true, webauthn:extension:minPinLength: true, webauthn:extension:prf: true, webauthn:virtualAuthenticators: true}
Session ID: 14f980cbf199d272953076ee5f07ebaf
	at org.openqa.selenium.remote.http.W3CHttpResponseCodec.createException(W3CHttpResponseCodec.java:187)
	at org.openqa.selenium.remote.http.W3CHttpResponseCodec.decode(W3CHttpResponseCodec.java:122)
	at org.openqa.selenium.remote.http.W3CHttpResponseCodec.decode(W3CHttpResponseCodec.java:49)
	at org.openqa.selenium.remote.HttpCommandExecutor.execute(HttpCommandExecutor.java:158)
	at org.openqa.selenium.remote.service.DriverCommandExecutor.execute(DriverCommandExecutor.java:83)
	at org.openqa.selenium.remote.RemoteWebDriver.execute(RemoteWebDriver.java:552)
	at org.openqa.selenium.remote.RemoteWebElement.execute(RemoteWebElement.java:285)
	at org.openqa.selenium.remote.RemoteWebElement.click(RemoteWebElement.java:84)
	at test.com.PagesByCategoryFilterInGroceryTest.setUpMethod(PagesByCategoryFilterInGroceryTest.java:57)
... Removed 32 stack frames</pre></div><a href='#' onClick='toggleBox("stack-trace413550077", this, "Click to show all stack frames", "Click to hide stack frames")'>Click to show all stack frames</a>
<div class='stack-trace' id='stack-trace413550077'><pre>org.openqa.selenium.ElementNotInteractableException: element not interactable
  (Session info: chrome=120.0.6099.225)
Build info: version: &apos;3.141.59&apos;, revision: &apos;e82be7d358&apos;, time: &apos;2018-11-14T08:17:03&apos;
System info: host: &apos;DESKTOP-37HMM6Q&apos;, ip: &apos;192.168.50.219&apos;, os.name: &apos;Windows 10&apos;, os.arch: &apos;amd64&apos;, os.version: &apos;10.0&apos;, java.version: &apos;21.0.1&apos;
Driver info: org.openqa.selenium.chrome.ChromeDriver
Capabilities {acceptInsecureCerts: false, browserName: chrome, browserVersion: 120.0.6099.225, chrome: {chromedriverVersion: 120.0.6099.109 (3419140ab66..., userDataDir: C:\Users\mitra\AppData\Loca...}, fedcm:accounts: true, goog:chromeOptions: {debuggerAddress: localhost:50244}, javascriptEnabled: true, networkConnectionEnabled: false, pageLoadStrategy: normal, platform: WINDOWS, platformName: WINDOWS, proxy: Proxy(), setWindowRect: true, strictFileInteractability: false, timeouts: {implicit: 0, pageLoad: 300000, script: 30000}, unhandledPromptBehavior: dismiss and notify, webauthn:extension:credBlob: true, webauthn:extension:largeBlob: true, webauthn:extension:minPinLength: true, webauthn:extension:prf: true, webauthn:virtualAuthenticators: true}
Session ID: 14f980cbf199d272953076ee5f07ebaf
	at java.base/jdk.internal.reflect.DirectConstructorHandleAccessor.newInstance(DirectConstructorHandleAccessor.java:62)
	at java.base/java.lang.reflect.Constructor.newInstanceWithCaller(Constructor.java:502)
	at java.base/java.lang.reflect.Constructor.newInstance(Constructor.java:486)
	at org.openqa.selenium.remote.http.W3CHttpResponseCodec.createException(W3CHttpResponseCodec.java:187)
	at org.openqa.selenium.remote.http.W3CHttpResponseCodec.decode(W3CHttpResponseCodec.java:122)
	at org.openqa.selenium.remote.http.W3CHttpResponseCodec.decode(W3CHttpResponseCodec.java:49)
	at org.openqa.selenium.remote.HttpCommandExecutor.execute(HttpCommandExecutor.java:158)
	at org.openqa.selenium.remote.service.DriverCommandExecutor.execute(DriverCommandExecutor.java:83)
	at org.openqa.selenium.remote.RemoteWebDriver.execute(RemoteWebDriver.java:552)
	at org.openqa.selenium.remote.RemoteWebElement.execute(RemoteWebElement.java:285)
	at org.openqa.selenium.remote.RemoteWebElement.click(RemoteWebElement.java:84)
	at test.com.PagesByCategoryFilterInGroceryTest.setUpMethod(PagesByCategoryFilterInGroceryTest.java:57)
	at java.base/jdk.internal.reflect.DirectMethodHandleAccessor.invoke(DirectMethodHandleAccessor.java:103)
	at java.base/java.lang.reflect.Method.invoke(Method.java:580)
	at org.testng.internal.MethodInvocationHelper.invokeMethod(MethodInvocationHelper.java:84)
	at org.testng.internal.Invoker.invokeConfigurationMethod(Invoker.java:564)
	at org.testng.internal.Invoker.invokeConfigurations(Invoker.java:213)
	at org.testng.internal.Invoker.invokeMethod(Invoker.java:653)
	at org.testng.internal.Invoker.invokeTestMethod(Invoker.java:901)
	at org.testng.internal.Invoker.invokeTestMethods(Invoker.java:1231)
	at org.testng.internal.TestMethodWorker.invokeTestMethods(TestMethodWorker.java:127)
	at org.testng.internal.TestMethodWorker.run(TestMethodWorker.java:111)
	at org.testng.TestRunner.privateRun(TestRunner.java:767)
	at org.testng.TestRunner.run(TestRunner.java:617)
	at org.testng.SuiteRunner.runTest(SuiteRunner.java:334)
	at org.testng.SuiteRunner.runSequentially(SuiteRunner.java:329)
	at org.testng.SuiteRunner.privateRun(SuiteRunner.java:291)
	at org.testng.SuiteRunner.run(SuiteRunner.java:240)
	at org.testng.SuiteRunnerWorker.runSuite(SuiteRunnerWorker.java:52)
	at org.testng.SuiteRunnerWorker.run(SuiteRunnerWorker.java:86)
	at org.testng.TestNG.runSuitesSequentially(TestNG.java:1224)
	at org.testng.TestNG.runSuitesLocally(TestNG.java:1149)
	at org.testng.TestNG.run(TestNG.java:1057)
	at org.apache.maven.surefire.testng.TestNGExecutor.run(TestNGExecutor.java:155)
	at org.apache.maven.surefire.testng.TestNGDirectoryTestSuite.executeMulti(TestNGDirectoryTestSuite.java:169)
	at org.apache.maven.surefire.testng.TestNGDirectoryTestSuite.execute(TestNGDirectoryTestSuite.java:88)
	at org.apache.maven.surefire.testng.TestNGProvider.invoke(TestNGProvider.java:137)
	at org.apache.maven.surefire.booter.ForkedBooter.runSuitesInProcess(ForkedBooter.java:385)
	at org.apache.maven.surefire.booter.ForkedBooter.execute(ForkedBooter.java:162)
	at org.apache.maven.surefire.booter.ForkedBooter.run(ForkedBooter.java:507)
	at org.apache.maven.surefire.booter.ForkedBooter.main(ForkedBooter.java:495)
</pre></div></td>
<td>0</td>
<td>test.com.PagesByCategoryFilterInGroceryTest@442675e1</td></tr>
</table><p>
<table width='100%' border='1' class='invocation-skipped'>
<tr><td colspan='4' align='center'><b>SKIPPED CONFIGURATIONS</b></td></tr>
<tr><td><b>Test method</b></td>
<td width="30%"><b>Exception</b></td>
<td width="10%"><b>Time (seconds)</b></td>
<td><b>Instance</b></td>
</tr>
<tr>
<td title='test.com.PagesByCategoryFilterInGroceryTest.setUpMethod()'><b>setUpMethod</b><br>Test class: test.com.PagesByCategoryFilterInGroceryTest</td>
<td></td>
<td>0</td>
<td>test.com.PagesByCategoryFilterInGroceryTest@442675e1</td></tr>
<tr>
<td title='test.com.PagesByCategoryFilterInGroceryTest.setUpMethod()'><b>setUpMethod</b><br>Test class: test.com.PagesByCategoryFilterInGroceryTest</td>
<td></td>
<td>0</td>
<td>test.com.PagesByCategoryFilterInGroceryTest@442675e1</td></tr>
<tr>
<td title='test.com.PagesByCategoryFilterInGroceryTest.setUpMethod()'><b>setUpMethod</b><br>Test class: test.com.PagesByCategoryFilterInGroceryTest</td>
<td></td>
<td>0</td>
<td>test.com.PagesByCategoryFilterInGroceryTest@442675e1</td></tr>
<tr>
<td title='test.com.PagesByCategoryFilterInGroceryTest.setUpMethod()'><b>setUpMethod</b><br>Test class: test.com.PagesByCategoryFilterInGroceryTest</td>
<td></td>
<td>0</td>
<td>test.com.PagesByCategoryFilterInGroceryTest@442675e1</td></tr>
<tr>
<td title='test.com.PagesByCategoryFilterInGroceryTest.setUpMethod()'><b>setUpMethod</b><br>Test class: test.com.PagesByCategoryFilterInGroceryTest</td>
<td></td>
<td>0</td>
<td>test.com.PagesByCategoryFilterInGroceryTest@442675e1</td></tr>
<tr>
<td title='test.com.EmptyCartCheckoutTest.tearDownMethod()'><b>tearDownMethod</b><br>Test class: test.com.EmptyCartCheckoutTest</td>
<td></td>
<td>0</td>
<td>test.com.EmptyCartCheckoutTest@6c3f5566</td></tr>
<tr>
<td title='test.com.PagesByCategoryFilterInGroceryTest.tearDownMethod()'><b>tearDownMethod</b><br>Test class: test.com.PagesByCategoryFilterInGroceryTest</td>
<td></td>
<td>0</td>
<td>test.com.PagesByCategoryFilterInGroceryTest@442675e1</td></tr>
<tr>
<td title='test.com.PagesByCategoryFilterInGroceryTest.tearDownMethod()'><b>tearDownMethod</b><br>Test class: test.com.PagesByCategoryFilterInGroceryTest</td>
<td></td>
<td>0</td>
<td>test.com.PagesByCategoryFilterInGroceryTest@442675e1</td></tr>
<tr>
<td title='test.com.PagesByCategoryFilterInGroceryTest.tearDownMethod()'><b>tearDownMethod</b><br>Test class: test.com.PagesByCategoryFilterInGroceryTest</td>
<td></td>
<td>0</td>
<td>test.com.PagesByCategoryFilterInGroceryTest@442675e1</td></tr>
<tr>
<td title='test.com.PagesByCategoryFilterInGroceryTest.tearDownMethod()'><b>tearDownMethod</b><br>Test class: test.com.PagesByCategoryFilterInGroceryTest</td>
<td></td>
<td>0</td>
<td>test.com.PagesByCategoryFilterInGroceryTest@442675e1</td></tr>
<tr>
<td title='test.com.PagesByCategoryFilterInGroceryTest.tearDownMethod()'><b>tearDownMethod</b><br>Test class: test.com.PagesByCategoryFilterInGroceryTest</td>
<td></td>
<td>0</td>
<td>test.com.PagesByCategoryFilterInGroceryTest@442675e1</td></tr>
<tr>
<td title='test.com.PagesByCategoryFilterInGroceryTest.tearDownMethod()'><b>tearDownMethod</b><br>Test class: test.com.PagesByCategoryFilterInGroceryTest</td>
<td></td>
<td>0</td>
<td>test.com.PagesByCategoryFilterInGroceryTest@442675e1</td></tr>
<tr>
<td title='test.com.EmptyCartCheckoutTest.tearDownClass()'><b>tearDownClass</b><br>Test class: test.com.EmptyCartCheckoutTest</td>
<td></td>
<td>0</td>
<td>test.com.EmptyCartCheckoutTest@6c3f5566</td></tr>
<tr>
<td title='test.com.PagesByCategoryFilterInGroceryTest.tearDownClass()'><b>tearDownClass</b><br>Test class: test.com.PagesByCategoryFilterInGroceryTest</td>
<td></td>
<td>0</td>
<td>test.com.PagesByCategoryFilterInGroceryTest@442675e1</td></tr>
</table><p>
<table width='100%' border='1' class='invocation-failed'>
<tr><td colspan='4' align='center'><b>FAILED TESTS</b></td></tr>
<tr><td><b>Test method</b></td>
<td width="30%"><b>Exception</b></td>
<td width="10%"><b>Time (seconds)</b></td>
<td><b>Instance</b></td>
</tr>
<tr>
<td title='test.com.ListOfProductInMeatSeafoodTest.testAddToListButton()'><b>testAddToListButton</b><br>Test class: test.com.ListOfProductInMeatSeafoodTest</td>
<td><div><pre>java.lang.AssertionError: expected [Sign In] but found [Sign In | Costco]
	at test.com.ListOfProductInMeatSeafoodTest.testAddToListButton(ListOfProductInMeatSeafoodTest.java:67)
... Removed 32 stack frames</pre></div><a href='#' onClick='toggleBox("stack-trace1009916891", this, "Click to show all stack frames", "Click to hide stack frames")'>Click to show all stack frames</a>
<div class='stack-trace' id='stack-trace1009916891'><pre>java.lang.AssertionError: expected [Sign In] but found [Sign In | Costco]
	at org.testng.Assert.fail(Assert.java:94)
	at org.testng.Assert.failNotEquals(Assert.java:494)
	at org.testng.Assert.assertEquals(Assert.java:123)
	at org.testng.Assert.assertEquals(Assert.java:176)
	at org.testng.Assert.assertEquals(Assert.java:186)
	at test.com.ListOfProductInMeatSeafoodTest.testAddToListButton(ListOfProductInMeatSeafoodTest.java:67)
	at java.base/jdk.internal.reflect.DirectMethodHandleAccessor.invoke(DirectMethodHandleAccessor.java:103)
	at java.base/java.lang.reflect.Method.invoke(Method.java:580)
	at org.testng.internal.MethodInvocationHelper.invokeMethod(MethodInvocationHelper.java:84)
	at org.testng.internal.Invoker.invokeMethod(Invoker.java:714)
	at org.testng.internal.Invoker.invokeTestMethod(Invoker.java:901)
	at org.testng.internal.Invoker.invokeTestMethods(Invoker.java:1231)
	at org.testng.internal.TestMethodWorker.invokeTestMethods(TestMethodWorker.java:127)
	at org.testng.internal.TestMethodWorker.run(TestMethodWorker.java:111)
	at org.testng.TestRunner.privateRun(TestRunner.java:767)
	at org.testng.TestRunner.run(TestRunner.java:617)
	at org.testng.SuiteRunner.runTest(SuiteRunner.java:334)
	at org.testng.SuiteRunner.runSequentially(SuiteRunner.java:329)
	at org.testng.SuiteRunner.privateRun(SuiteRunner.java:291)
	at org.testng.SuiteRunner.run(SuiteRunner.java:240)
	at org.testng.SuiteRunnerWorker.runSuite(SuiteRunnerWorker.java:52)
	at org.testng.SuiteRunnerWorker.run(SuiteRunnerWorker.java:86)
	at org.testng.TestNG.runSuitesSequentially(TestNG.java:1224)
	at org.testng.TestNG.runSuitesLocally(TestNG.java:1149)
	at org.testng.TestNG.run(TestNG.java:1057)
	at org.apache.maven.surefire.testng.TestNGExecutor.run(TestNGExecutor.java:155)
	at org.apache.maven.surefire.testng.TestNGDirectoryTestSuite.executeMulti(TestNGDirectoryTestSuite.java:169)
	at org.apache.maven.surefire.testng.TestNGDirectoryTestSuite.execute(TestNGDirectoryTestSuite.java:88)
	at org.apache.maven.surefire.testng.TestNGProvider.invoke(TestNGProvider.java:137)
	at org.apache.maven.surefire.booter.ForkedBooter.runSuitesInProcess(ForkedBooter.java:385)
	at org.apache.maven.surefire.booter.ForkedBooter.execute(ForkedBooter.java:162)
	at org.apache.maven.surefire.booter.ForkedBooter.run(ForkedBooter.java:507)
	at org.apache.maven.surefire.booter.ForkedBooter.main(ForkedBooter.java:495)
</pre></div></td>
<td>18</td>
<td>test.com.ListOfProductInMeatSeafoodTest@453da22c</td></tr>
<tr>
<td title='test.com.RemoveFromCartTest.testRemoveFromCart()'><b>testRemoveFromCart</b><br>Test class: test.com.RemoveFromCartTest</td>
<td><div><pre>org.openqa.selenium.NoSuchElementException: no such element: Unable to locate element: {&quot;method&quot;:&quot;xpath&quot;,&quot;selector&quot;:&quot;//img[@alt=&apos;Mohawk Luxury Vinyl Plank Flooring&apos;]&quot;}
  (Session info: chrome=120.0.6099.225)
For documentation on this error, please visit: https://www.seleniumhq.org/exceptions/no_such_element.html
Build info: version: &apos;3.141.59&apos;, revision: &apos;e82be7d358&apos;, time: &apos;2018-11-14T08:17:03&apos;
System info: host: &apos;DESKTOP-37HMM6Q&apos;, ip: &apos;192.168.50.219&apos;, os.name: &apos;Windows 10&apos;, os.arch: &apos;amd64&apos;, os.version: &apos;10.0&apos;, java.version: &apos;21.0.1&apos;
Driver info: org.openqa.selenium.chrome.ChromeDriver
Capabilities {acceptInsecureCerts: false, browserName: chrome, browserVersion: 120.0.6099.225, chrome: {chromedriverVersion: 120.0.6099.109 (3419140ab66..., userDataDir: C:\Users\mitra\AppData\Loca...}, fedcm:accounts: true, goog:chromeOptions: {debuggerAddress: localhost:50964}, javascriptEnabled: true, networkConnectionEnabled: false, pageLoadStrategy: normal, platform: WINDOWS, platformName: WINDOWS, proxy: Proxy(), setWindowRect: true, strictFileInteractability: false, timeouts: {implicit: 0, pageLoad: 300000, script: 30000}, unhandledPromptBehavior: dismiss and notify, webauthn:extension:credBlob: true, webauthn:extension:largeBlob: true, webauthn:extension:minPinLength: true, webauthn:extension:prf: true, webauthn:virtualAuthenticators: true}
Session ID: 20127e21a60d5d4082dadd4434db745c
*** Element info: {Using=xpath, value=//img[@alt=&apos;Mohawk Luxury Vinyl Plank Flooring&apos;]}
	at org.openqa.selenium.remote.http.W3CHttpResponseCodec.createException(W3CHttpResponseCodec.java:187)
	at org.openqa.selenium.remote.http.W3CHttpResponseCodec.decode(W3CHttpResponseCodec.java:122)
	at org.openqa.selenium.remote.http.W3CHttpResponseCodec.decode(W3CHttpResponseCodec.java:49)
	at org.openqa.selenium.remote.HttpCommandExecutor.execute(HttpCommandExecutor.java:158)
	at org.openqa.selenium.remote.service.DriverCommandExecutor.execute(DriverCommandExecutor.java:83)
	at org.openqa.selenium.remote.RemoteWebDriver.execute(RemoteWebDriver.java:552)
	at org.openqa.selenium.remote.RemoteWebDriver.findElement(RemoteWebDriver.java:323)
	at org.openqa.selenium.remote.RemoteWebDriver.findElementByXPath(RemoteWebDriver.java:428)
	at org.openqa.selenium.By$ByXPath.findElement(By.java:353)
	at org.openqa.selenium.remote.RemoteWebDriver.findElement(RemoteWebDriver.java:315)
	at test.com.RemoveFromCartTest.testRemoveFromCart(RemoveFromCartTest.java:62)
... Removed 30 stack frames</pre></div><a href='#' onClick='toggleBox("stack-trace1985280051", this, "Click to show all stack frames", "Click to hide stack frames")'>Click to show all stack frames</a>
<div class='stack-trace' id='stack-trace1985280051'><pre>org.openqa.selenium.NoSuchElementException: no such element: Unable to locate element: {&quot;method&quot;:&quot;xpath&quot;,&quot;selector&quot;:&quot;//img[@alt=&apos;Mohawk Luxury Vinyl Plank Flooring&apos;]&quot;}
  (Session info: chrome=120.0.6099.225)
For documentation on this error, please visit: https://www.seleniumhq.org/exceptions/no_such_element.html
Build info: version: &apos;3.141.59&apos;, revision: &apos;e82be7d358&apos;, time: &apos;2018-11-14T08:17:03&apos;
System info: host: &apos;DESKTOP-37HMM6Q&apos;, ip: &apos;192.168.50.219&apos;, os.name: &apos;Windows 10&apos;, os.arch: &apos;amd64&apos;, os.version: &apos;10.0&apos;, java.version: &apos;21.0.1&apos;
Driver info: org.openqa.selenium.chrome.ChromeDriver
Capabilities {acceptInsecureCerts: false, browserName: chrome, browserVersion: 120.0.6099.225, chrome: {chromedriverVersion: 120.0.6099.109 (3419140ab66..., userDataDir: C:\Users\mitra\AppData\Loca...}, fedcm:accounts: true, goog:chromeOptions: {debuggerAddress: localhost:50964}, javascriptEnabled: true, networkConnectionEnabled: false, pageLoadStrategy: normal, platform: WINDOWS, platformName: WINDOWS, proxy: Proxy(), setWindowRect: true, strictFileInteractability: false, timeouts: {implicit: 0, pageLoad: 300000, script: 30000}, unhandledPromptBehavior: dismiss and notify, webauthn:extension:credBlob: true, webauthn:extension:largeBlob: true, webauthn:extension:minPinLength: true, webauthn:extension:prf: true, webauthn:virtualAuthenticators: true}
Session ID: 20127e21a60d5d4082dadd4434db745c
*** Element info: {Using=xpath, value=//img[@alt=&apos;Mohawk Luxury Vinyl Plank Flooring&apos;]}
	at java.base/jdk.internal.reflect.DirectConstructorHandleAccessor.newInstance(DirectConstructorHandleAccessor.java:62)
	at java.base/java.lang.reflect.Constructor.newInstanceWithCaller(Constructor.java:502)
	at java.base/java.lang.reflect.Constructor.newInstance(Constructor.java:486)
	at org.openqa.selenium.remote.http.W3CHttpResponseCodec.createException(W3CHttpResponseCodec.java:187)
	at org.openqa.selenium.remote.http.W3CHttpResponseCodec.decode(W3CHttpResponseCodec.java:122)
	at org.openqa.selenium.remote.http.W3CHttpResponseCodec.decode(W3CHttpResponseCodec.java:49)
	at org.openqa.selenium.remote.HttpCommandExecutor.execute(HttpCommandExecutor.java:158)
	at org.openqa.selenium.remote.service.DriverCommandExecutor.execute(DriverCommandExecutor.java:83)
	at org.openqa.selenium.remote.RemoteWebDriver.execute(RemoteWebDriver.java:552)
	at org.openqa.selenium.remote.RemoteWebDriver.findElement(RemoteWebDriver.java:323)
	at org.openqa.selenium.remote.RemoteWebDriver.findElementByXPath(RemoteWebDriver.java:428)
	at org.openqa.selenium.By$ByXPath.findElement(By.java:353)
	at org.openqa.selenium.remote.RemoteWebDriver.findElement(RemoteWebDriver.java:315)
	at test.com.RemoveFromCartTest.testRemoveFromCart(RemoveFromCartTest.java:62)
	at java.base/jdk.internal.reflect.DirectMethodHandleAccessor.invoke(DirectMethodHandleAccessor.java:103)
	at java.base/java.lang.reflect.Method.invoke(Method.java:580)
	at org.testng.internal.MethodInvocationHelper.invokeMethod(MethodInvocationHelper.java:84)
	at org.testng.internal.Invoker.invokeMethod(Invoker.java:714)
	at org.testng.internal.Invoker.invokeTestMethod(Invoker.java:901)
	at org.testng.internal.Invoker.invokeTestMethods(Invoker.java:1231)
	at org.testng.internal.TestMethodWorker.invokeTestMethods(TestMethodWorker.java:127)
	at org.testng.internal.TestMethodWorker.run(TestMethodWorker.java:111)
	at org.testng.TestRunner.privateRun(TestRunner.java:767)
	at org.testng.TestRunner.run(TestRunner.java:617)
	at org.testng.SuiteRunner.runTest(SuiteRunner.java:334)
	at org.testng.SuiteRunner.runSequentially(SuiteRunner.java:329)
	at org.testng.SuiteRunner.privateRun(SuiteRunner.java:291)
	at org.testng.SuiteRunner.run(SuiteRunner.java:240)
	at org.testng.SuiteRunnerWorker.runSuite(SuiteRunnerWorker.java:52)
	at org.testng.SuiteRunnerWorker.run(SuiteRunnerWorker.java:86)
	at org.testng.TestNG.runSuitesSequentially(TestNG.java:1224)
	at org.testng.TestNG.runSuitesLocally(TestNG.java:1149)
	at org.testng.TestNG.run(TestNG.java:1057)
	at org.apache.maven.surefire.testng.TestNGExecutor.run(TestNGExecutor.java:155)
	at org.apache.maven.surefire.testng.TestNGDirectoryTestSuite.executeMulti(TestNGDirectoryTestSuite.java:169)
	at org.apache.maven.surefire.testng.TestNGDirectoryTestSuite.execute(TestNGDirectoryTestSuite.java:88)
	at org.apache.maven.surefire.testng.TestNGProvider.invoke(TestNGProvider.java:137)
	at org.apache.maven.surefire.booter.ForkedBooter.runSuitesInProcess(ForkedBooter.java:385)
	at org.apache.maven.surefire.booter.ForkedBooter.execute(ForkedBooter.java:162)
	at org.apache.maven.surefire.booter.ForkedBooter.run(ForkedBooter.java:507)
	at org.apache.maven.surefire.booter.ForkedBooter.main(ForkedBooter.java:495)
</pre></div></td>
<td>9</td>
<td>test.com.RemoveFromCartTest@71a794e5</td></tr>
<tr>
<td title='test.com.RemoveFromCart2Test.testRemoveFromCart2()'><b>testRemoveFromCart2</b><br>Test class: test.com.RemoveFromCart2Test</td>
<td><div><pre>org.openqa.selenium.NoSuchElementException: no such element: Unable to locate element: {&quot;method&quot;:&quot;xpath&quot;,&quot;selector&quot;:&quot;/html/body/header/div[2]/div/div/div/div[2]/div/div[4]/nav/ul/li[4]/a/div/div/span&quot;}
  (Session info: chrome=120.0.6099.225)
For documentation on this error, please visit: https://www.seleniumhq.org/exceptions/no_such_element.html
Build info: version: &apos;3.141.59&apos;, revision: &apos;e82be7d358&apos;, time: &apos;2018-11-14T08:17:03&apos;
System info: host: &apos;DESKTOP-37HMM6Q&apos;, ip: &apos;192.168.50.219&apos;, os.name: &apos;Windows 10&apos;, os.arch: &apos;amd64&apos;, os.version: &apos;10.0&apos;, java.version: &apos;21.0.1&apos;
Driver info: org.openqa.selenium.chrome.ChromeDriver
Capabilities {acceptInsecureCerts: false, browserName: chrome, browserVersion: 120.0.6099.225, chrome: {chromedriverVersion: 120.0.6099.109 (3419140ab66..., userDataDir: C:\Users\mitra\AppData\Loca...}, fedcm:accounts: true, goog:chromeOptions: {debuggerAddress: localhost:50862}, javascriptEnabled: true, networkConnectionEnabled: false, pageLoadStrategy: normal, platform: WINDOWS, platformName: WINDOWS, proxy: Proxy(), setWindowRect: true, strictFileInteractability: false, timeouts: {implicit: 0, pageLoad: 300000, script: 30000}, unhandledPromptBehavior: dismiss and notify, webauthn:extension:credBlob: true, webauthn:extension:largeBlob: true, webauthn:extension:minPinLength: true, webauthn:extension:prf: true, webauthn:virtualAuthenticators: true}
Session ID: 376cf3f8620b134c41aa54b5058e9ba3
*** Element info: {Using=xpath, value=/html/body/header/div[2]/div/div/div/div[2]/div/div[4]/nav/ul/li[4]/a/div/div/span}
	at org.openqa.selenium.remote.http.W3CHttpResponseCodec.createException(W3CHttpResponseCodec.java:187)
	at org.openqa.selenium.remote.http.W3CHttpResponseCodec.decode(W3CHttpResponseCodec.java:122)
	at org.openqa.selenium.remote.http.W3CHttpResponseCodec.decode(W3CHttpResponseCodec.java:49)
	at org.openqa.selenium.remote.HttpCommandExecutor.execute(HttpCommandExecutor.java:158)
	at org.openqa.selenium.remote.service.DriverCommandExecutor.execute(DriverCommandExecutor.java:83)
	at org.openqa.selenium.remote.RemoteWebDriver.execute(RemoteWebDriver.java:552)
	at org.openqa.selenium.remote.RemoteWebDriver.findElement(RemoteWebDriver.java:323)
	at org.openqa.selenium.remote.RemoteWebDriver.findElementByXPath(RemoteWebDriver.java:428)
	at org.openqa.selenium.By$ByXPath.findElement(By.java:353)
	at org.openqa.selenium.remote.RemoteWebDriver.findElement(RemoteWebDriver.java:315)
	at test.com.RemoveFromCart2Test.testRemoveFromCart2(RemoveFromCart2Test.java:75)
... Removed 30 stack frames</pre></div><a href='#' onClick='toggleBox("stack-trace1380085944", this, "Click to show all stack frames", "Click to hide stack frames")'>Click to show all stack frames</a>
<div class='stack-trace' id='stack-trace1380085944'><pre>org.openqa.selenium.NoSuchElementException: no such element: Unable to locate element: {&quot;method&quot;:&quot;xpath&quot;,&quot;selector&quot;:&quot;/html/body/header/div[2]/div/div/div/div[2]/div/div[4]/nav/ul/li[4]/a/div/div/span&quot;}
  (Session info: chrome=120.0.6099.225)
For documentation on this error, please visit: https://www.seleniumhq.org/exceptions/no_such_element.html
Build info: version: &apos;3.141.59&apos;, revision: &apos;e82be7d358&apos;, time: &apos;2018-11-14T08:17:03&apos;
System info: host: &apos;DESKTOP-37HMM6Q&apos;, ip: &apos;192.168.50.219&apos;, os.name: &apos;Windows 10&apos;, os.arch: &apos;amd64&apos;, os.version: &apos;10.0&apos;, java.version: &apos;21.0.1&apos;
Driver info: org.openqa.selenium.chrome.ChromeDriver
Capabilities {acceptInsecureCerts: false, browserName: chrome, browserVersion: 120.0.6099.225, chrome: {chromedriverVersion: 120.0.6099.109 (3419140ab66..., userDataDir: C:\Users\mitra\AppData\Loca...}, fedcm:accounts: true, goog:chromeOptions: {debuggerAddress: localhost:50862}, javascriptEnabled: true, networkConnectionEnabled: false, pageLoadStrategy: normal, platform: WINDOWS, platformName: WINDOWS, proxy: Proxy(), setWindowRect: true, strictFileInteractability: false, timeouts: {implicit: 0, pageLoad: 300000, script: 30000}, unhandledPromptBehavior: dismiss and notify, webauthn:extension:credBlob: true, webauthn:extension:largeBlob: true, webauthn:extension:minPinLength: true, webauthn:extension:prf: true, webauthn:virtualAuthenticators: true}
Session ID: 376cf3f8620b134c41aa54b5058e9ba3
*** Element info: {Using=xpath, value=/html/body/header/div[2]/div/div/div/div[2]/div/div[4]/nav/ul/li[4]/a/div/div/span}
	at java.base/jdk.internal.reflect.DirectConstructorHandleAccessor.newInstance(DirectConstructorHandleAccessor.java:62)
	at java.base/java.lang.reflect.Constructor.newInstanceWithCaller(Constructor.java:502)
	at java.base/java.lang.reflect.Constructor.newInstance(Constructor.java:486)
	at org.openqa.selenium.remote.http.W3CHttpResponseCodec.createException(W3CHttpResponseCodec.java:187)
	at org.openqa.selenium.remote.http.W3CHttpResponseCodec.decode(W3CHttpResponseCodec.java:122)
	at org.openqa.selenium.remote.http.W3CHttpResponseCodec.decode(W3CHttpResponseCodec.java:49)
	at org.openqa.selenium.remote.HttpCommandExecutor.execute(HttpCommandExecutor.java:158)
	at org.openqa.selenium.remote.service.DriverCommandExecutor.execute(DriverCommandExecutor.java:83)
	at org.openqa.selenium.remote.RemoteWebDriver.execute(RemoteWebDriver.java:552)
	at org.openqa.selenium.remote.RemoteWebDriver.findElement(RemoteWebDriver.java:323)
	at org.openqa.selenium.remote.RemoteWebDriver.findElementByXPath(RemoteWebDriver.java:428)
	at org.openqa.selenium.By$ByXPath.findElement(By.java:353)
	at org.openqa.selenium.remote.RemoteWebDriver.findElement(RemoteWebDriver.java:315)
	at test.com.RemoveFromCart2Test.testRemoveFromCart2(RemoveFromCart2Test.java:75)
	at java.base/jdk.internal.reflect.DirectMethodHandleAccessor.invoke(DirectMethodHandleAccessor.java:103)
	at java.base/java.lang.reflect.Method.invoke(Method.java:580)
	at org.testng.internal.MethodInvocationHelper.invokeMethod(MethodInvocationHelper.java:84)
	at org.testng.internal.Invoker.invokeMethod(Invoker.java:714)
	at org.testng.internal.Invoker.invokeTestMethod(Invoker.java:901)
	at org.testng.internal.Invoker.invokeTestMethods(Invoker.java:1231)
	at org.testng.internal.TestMethodWorker.invokeTestMethods(TestMethodWorker.java:127)
	at org.testng.internal.TestMethodWorker.run(TestMethodWorker.java:111)
	at org.testng.TestRunner.privateRun(TestRunner.java:767)
	at org.testng.TestRunner.run(TestRunner.java:617)
	at org.testng.SuiteRunner.runTest(SuiteRunner.java:334)
	at org.testng.SuiteRunner.runSequentially(SuiteRunner.java:329)
	at org.testng.SuiteRunner.privateRun(SuiteRunner.java:291)
	at org.testng.SuiteRunner.run(SuiteRunner.java:240)
	at org.testng.SuiteRunnerWorker.runSuite(SuiteRunnerWorker.java:52)
	at org.testng.SuiteRunnerWorker.run(SuiteRunnerWorker.java:86)
	at org.testng.TestNG.runSuitesSequentially(TestNG.java:1224)
	at org.testng.TestNG.runSuitesLocally(TestNG.java:1149)
	at org.testng.TestNG.run(TestNG.java:1057)
	at org.apache.maven.surefire.testng.TestNGExecutor.run(TestNGExecutor.java:155)
	at org.apache.maven.surefire.testng.TestNGDirectoryTestSuite.executeMulti(TestNGDirectoryTestSuite.java:169)
	at org.apache.maven.surefire.testng.TestNGDirectoryTestSuite.execute(TestNGDirectoryTestSuite.java:88)
	at org.apache.maven.surefire.testng.TestNGProvider.invoke(TestNGProvider.java:137)
	at org.apache.maven.surefire.booter.ForkedBooter.runSuitesInProcess(ForkedBooter.java:385)
	at org.apache.maven.surefire.booter.ForkedBooter.execute(ForkedBooter.java:162)
	at org.apache.maven.surefire.booter.ForkedBooter.run(ForkedBooter.java:507)
	at org.apache.maven.surefire.booter.ForkedBooter.main(ForkedBooter.java:495)
</pre></div></td>
<td>14</td>
<td>test.com.RemoveFromCart2Test@71248c21</td></tr>
</table><p>
<table width='100%' border='1' class='invocation-passed'>
<tr><td colspan='4' align='center'><b>PASSED TESTS</b></td></tr>
<tr><td><b>Test method</b></td>
<td width="30%"><b>Exception</b></td>
<td width="10%"><b>Time (seconds)</b></td>
<td><b>Instance</b></td>
</tr>
<tr>
<td title='test.com.PagesByCategoryinGroceryTest.testBeefPage()'><b>testBeefPage</b><br>Test class: test.com.PagesByCategoryinGroceryTest</td>
<td></td>
<td>1</td>
<td>test.com.PagesByCategoryinGroceryTest@16267862</td></tr>
<tr>
<td title='test.com.SectionInMeatSeaFoodPageTest.testBeefPage()'><b>testBeefPage</b><br>Test class: test.com.SectionInMeatSeaFoodPageTest</td>
<td></td>
<td>0</td>
<td>test.com.SectionInMeatSeaFoodPageTest@314c508a</td></tr>
<tr>
<td title='test.com.AddToCartTest.testCase1()'><b>testCase1</b><br>Test class: test.com.AddToCartTest</td>
<td></td>
<td>15</td>
<td>test.com.AddToCartTest@10b48321</td></tr>
<tr>
<td title='test.com.CheckingLinkToPhotoCategoryTest.testCheckingLinkToPhotoCategory()'><b>testCheckingLinkToPhotoCategory</b><br>Test class: test.com.CheckingLinkToPhotoCategoryTest</td>
<td></td>
<td>7</td>
<td>test.com.CheckingLinkToPhotoCategoryTest@6b67034</td></tr>
<tr>
<td title='test.com.PagesByCategoryinGroceryTest.testGameMeatPage()'><b>testGameMeatPage</b><br>Test class: test.com.PagesByCategoryinGroceryTest</td>
<td></td>
<td>1</td>
<td>test.com.PagesByCategoryinGroceryTest@16267862</td></tr>
<tr>
<td title='test.com.BestSellersInMeatSeaFoodSectionTest.testItemDescription()'><b>testItemDescription</b><br>Test class: test.com.BestSellersInMeatSeaFoodSectionTest</td>
<td></td>
<td>0</td>
<td>test.com.BestSellersInMeatSeaFoodSectionTest@6a396c1e</td></tr>
<tr>
<td title='test.com.PagesByCategoryinGroceryTest.testLambPage()'><b>testLambPage</b><br>Test class: test.com.PagesByCategoryinGroceryTest</td>
<td></td>
<td>1</td>
<td>test.com.PagesByCategoryinGroceryTest@16267862</td></tr>
<tr>
<td title='test.com.ModifyingCartItemsTest.testModifyingCartItems()'><b>testModifyingCartItems</b><br>Test class: test.com.ModifyingCartItemsTest</td>
<td></td>
<td>21</td>
<td>test.com.ModifyingCartItemsTest@12405818</td></tr>
<tr>
<td title='test.com.PagesByCategoryinGroceryTest.testPlantBasedProteinPage()'><b>testPlantBasedProteinPage</b><br>Test class: test.com.PagesByCategoryinGroceryTest</td>
<td></td>
<td>1</td>
<td>test.com.PagesByCategoryinGroceryTest@16267862</td></tr>
<tr>
<td title='test.com.PagesByCategoryinGroceryTest.testPorkPage()'><b>testPorkPage</b><br>Test class: test.com.PagesByCategoryinGroceryTest</td>
<td></td>
<td>2</td>
<td>test.com.PagesByCategoryinGroceryTest@16267862</td></tr>
<tr>
<td title='test.com.PagesByCategoryinGroceryTest.testPoultryPage()'><b>testPoultryPage</b><br>Test class: test.com.PagesByCategoryinGroceryTest</td>
<td></td>
<td>1</td>
<td>test.com.PagesByCategoryinGroceryTest@16267862</td></tr>
<tr>
<td title='test.com.PagesByCategoryinGroceryTest.testSeaFoodPage()'><b>testSeaFoodPage</b><br>Test class: test.com.PagesByCategoryinGroceryTest</td>
<td></td>
<td>1</td>
<td>test.com.PagesByCategoryinGroceryTest@16267862</td></tr>
<tr>
<td title='test.com.BestSellersInMeatSeaFoodSectionTest.testSelectingItem()'><b>testSelectingItem</b><br>Test class: test.com.BestSellersInMeatSeaFoodSectionTest</td>
<td></td>
<td>5</td>
<td>test.com.BestSellersInMeatSeaFoodSectionTest@6a396c1e</td></tr>
<tr>
<td title='test.com.ListOfProductInMeatSeafoodTest.testSelectingItem()'><b>testSelectingItem</b><br>Test class: test.com.ListOfProductInMeatSeafoodTest</td>
<td></td>
<td>4</td>
<td>test.com.ListOfProductInMeatSeafoodTest@453da22c</td></tr>
</table><p>
<table width='100%' border='1' class='invocation-skipped'>
<tr><td colspan='4' align='center'><b>SKIPPED TESTS</b></td></tr>
<tr><td><b>Test method</b></td>
<td width="30%"><b>Exception</b></td>
<td width="10%"><b>Time (seconds)</b></td>
<td><b>Instance</b></td>
</tr>
<tr>
<td title='test.com.PagesByCategoryFilterInGroceryTest.testBeefPage()'><b>testBeefPage</b><br>Test class: test.com.PagesByCategoryFilterInGroceryTest</td>
<td></td>
<td>0</td>
<td>test.com.PagesByCategoryFilterInGroceryTest@442675e1</td></tr>
<tr>
<td title='test.com.EmptyCartCheckoutTest.testCart()'><b>testCart</b><br>Test class: test.com.EmptyCartCheckoutTest</td>
<td></td>
<td>0</td>
<td>test.com.EmptyCartCheckoutTest@6c3f5566</td></tr>
<tr>
<td title='test.com.PagesByCategoryFilterInGroceryTest.testLambPage()'><b>testLambPage</b><br>Test class: test.com.PagesByCategoryFilterInGroceryTest</td>
<td></td>
<td>0</td>
<td>test.com.PagesByCategoryFilterInGroceryTest@442675e1</td></tr>
<tr>
<td title='test.com.PagesByCategoryFilterInGroceryTest.testPlantBasedProteinPage()'><b>testPlantBasedProteinPage</b><br>Test class: test.com.PagesByCategoryFilterInGroceryTest</td>
<td></td>
<td>0</td>
<td>test.com.PagesByCategoryFilterInGroceryTest@442675e1</td></tr>
<tr>
<td title='test.com.PagesByCategoryFilterInGroceryTest.testPorkPage()'><b>testPorkPage</b><br>Test class: test.com.PagesByCategoryFilterInGroceryTest</td>
<td></td>
<td>0</td>
<td>test.com.PagesByCategoryFilterInGroceryTest@442675e1</td></tr>
<tr>
<td title='test.com.PagesByCategoryFilterInGroceryTest.testPoultryPage()'><b>testPoultryPage</b><br>Test class: test.com.PagesByCategoryFilterInGroceryTest</td>
<td></td>
<td>0</td>
<td>test.com.PagesByCategoryFilterInGroceryTest@442675e1</td></tr>
<tr>
<td title='test.com.PagesByCategoryFilterInGroceryTest.testSeaFoodPage()'><b>testSeaFoodPage</b><br>Test class: test.com.PagesByCategoryFilterInGroceryTest</td>
<td></td>
<td>0</td>
<td>test.com.PagesByCategoryFilterInGroceryTest@442675e1</td></tr>
</table><p>
</body>
</html>